<?xml version="1.0" encoding="UTF-8"?>
<!-- Generated by org.testng.reporters.JUnitReportReporter -->
<testsuite hostname="ranga" failures="0" tests="1" name="org.example.Example1" time="23.699" errors="0" timestamp="2022-11-14T22:46:15 IST" skipped="0">
  <testcase classname="org.example.Example1" name="login" time="23.699"/>
  <system-out/>
</testsuite> <!-- org.example.Example1 -->
